<?xml version="1.0" encoding="UTF-8"?>
<!-- Generated by org.testng.reporters.JUnitReportReporter -->
<testsuite hostname="Admin-PC" name="com.testcases.LoginMBVansTest" tests="5" failures="0" timestamp="24 Apr 2020 13:45:01 GMT" time="21.372" errors="0">
  <testcase name="Section1_Header" time="0.211" classname="com.testcases.LoginMBVansTest"/>
  <testcase name="Section3_Eligibility" time="0.699" classname="com.testcases.LoginMBVansTest"/>
  <testcase name="Section2_Details" time="0.446" classname="com.testcases.LoginMBVansTest"/>
  <testcase name="Section5_FindADealer" time="19.866" classname="com.testcases.LoginMBVansTest"/>
  <testcase name="Section4_FAQ" time="0.150" classname="com.testcases.LoginMBVansTest"/>
</testsuite>
