<?xml version="1.0" encoding="UTF-8"?>
<!-- Generated by org.testng.reporters.JUnitReportReporter -->
<testsuite hostname="Admin-PC" name="sample" tests="1" failures="0" timestamp="16 Apr 2020 09:57:20 GMT" time="55.225" errors="0">
  <testcase name="hello" time="55.225" classname="sample"/>
</testsuite>
