<?xml version="1.0" encoding="UTF-8"?>
<!-- Generated by org.testng.reporters.JUnitReportReporter -->
<testsuite hostname="Admin-PC" name="com.testcases.LoginMBVansTest" tests="2" failures="0" timestamp="7 May 2020 09:08:02 GMT" time="0.723" errors="1">
  <testcase name="Section1_Header" time="0.517" classname="com.testcases.LoginMBVansTest"/>
  <testcase name="Section5_FAQ" time="0.206" classname="com.testcases.LoginMBVansTest">
    <error type="java.lang.AssertionError" message="expected:&lt;Who will honor my MBCPO Extended Limited Warranty?
Rest assured: The MBCPO Extended Limited Warranties are honored at any authorized Mercedes-Benz Dealer nationwide. And warranty work will be done using Genuine Mercedes-Benz Parts.
 Will I be asked to pay any sort of deductible?
Absolutely not. Unlike many pre-owned warranty programs, the MBCPO Extended Limited Warranties will never require you to pay additional fees for warranty-covered labor, repairs, or parts.
 Can I transfer the Mercedes-Benz Vans extended warranty coverage?
If you sell Certified Pre-Owned to a private party, its new owner can continue to enjoy the Extended Limited Warranty coverage with no transfer fee.&gt; but was:&lt;Who will honor my MBCPO Extended Limited Warranty?
Rest assured: The MBCPO Extended Limited Warranties are honored at any authorized Mercedes-Benz Dealer nationwide. And warranty work will be done using Genuine Mercedes-Benz Parts.
  Will I be asked to pay any sort of deductible?
Absolutely not. Unlike many pre-owned warranty programs, the MBCPO Extended Limited Warranties will never require you to pay additional fees for warranty-covered labor, repairs, or parts.
  Can I transfer the Mercedes-Benz Vans extended warranty coverage?
If you sell Certified Pre-Owned to a private party, its new owner can continue to enjoy the Extended Limited Warranty coverage with no transfer fee.&gt;">
      <![CDATA[java.lang.AssertionError: expected:<Who will honor my MBCPO Extended Limited Warranty?
Rest assured: The MBCPO Extended Limited Warranties are honored at any authorized Mercedes-Benz Dealer nationwide. And warranty work will be done using Genuine Mercedes-Benz Parts.
 Will I be asked to pay any sort of deductible?
Absolutely not. Unlike many pre-owned warranty programs, the MBCPO Extended Limited Warranties will never require you to pay additional fees for warranty-covered labor, repairs, or parts.
 Can I transfer the Mercedes-Benz Vans extended warranty coverage?
If you sell Certified Pre-Owned to a private party, its new owner can continue to enjoy the Extended Limited Warranty coverage with no transfer fee.> but was:<Who will honor my MBCPO Extended Limited Warranty?
Rest assured: The MBCPO Extended Limited Warranties are honored at any authorized Mercedes-Benz Dealer nationwide. And warranty work will be done using Genuine Mercedes-Benz Parts.
  Will I be asked to pay any sort of deductible?
Absolutely not. Unlike many pre-owned warranty programs, the MBCPO Extended Limited Warranties will never require you to pay additional fees for warranty-covered labor, repairs, or parts.
  Can I transfer the Mercedes-Benz Vans extended warranty coverage?
If you sell Certified Pre-Owned to a private party, its new owner can continue to enjoy the Extended Limited Warranty coverage with no transfer fee.>
	at org.testng.Assert.fail(Assert.java:89)
	at org.testng.Assert.failNotEquals(Assert.java:489)
	at org.testng.Assert.assertEquals(Assert.java:118)
	at org.testng.Assert.assertEquals(Assert.java:171)
	at org.testng.Assert.assertEquals(Assert.java:181)
	at com.testcases.LoginMBVansTest.Section5_FAQ(LoginMBVansTest.java:354)
	at sun.reflect.NativeMethodAccessorImpl.invoke0(Native Method)
	at sun.reflect.NativeMethodAccessorImpl.invoke(Unknown Source)
	at sun.reflect.DelegatingMethodAccessorImpl.invoke(Unknown Source)
	at java.lang.reflect.Method.invoke(Unknown Source)
	at org.testng.internal.MethodInvocationHelper.invokeMethod(MethodInvocationHelper.java:80)
	at org.testng.internal.Invoker.invokeMethod(Invoker.java:673)
	at org.testng.internal.Invoker.invokeTestMethod(Invoker.java:842)
	at org.testng.internal.Invoker.invokeTestMethods(Invoker.java:1166)
	at org.testng.internal.TestMethodWorker.invokeTestMethods(TestMethodWorker.java:125)
	at org.testng.internal.TestMethodWorker.run(TestMethodWorker.java:109)
	at org.testng.TestRunner.runWorkers(TestRunner.java:1178)
	at org.testng.TestRunner.privateRun(TestRunner.java:757)
	at org.testng.TestRunner.run(TestRunner.java:608)
	at org.testng.SuiteRunner.runTest(SuiteRunner.java:334)
	at org.testng.SuiteRunner.runSequentially(SuiteRunner.java:329)
	at org.testng.SuiteRunner.privateRun(SuiteRunner.java:291)
	at org.testng.SuiteRunner.run(SuiteRunner.java:240)
	at org.testng.SuiteRunnerWorker.runSuite(SuiteRunnerWorker.java:52)
	at org.testng.SuiteRunnerWorker.run(SuiteRunnerWorker.java:86)
	at org.testng.TestNG.runSuitesSequentially(TestNG.java:1158)
	at org.testng.TestNG.runSuitesLocally(TestNG.java:1083)
	at org.testng.TestNG.run(TestNG.java:999)
	at org.testng.remote.AbstractRemoteTestNG.run(AbstractRemoteTestNG.java:115)
	at org.testng.remote.RemoteTestNG.initAndRun(RemoteTestNG.java:251)
	at org.testng.remote.RemoteTestNG.main(RemoteTestNG.java:77)
]]>
    </error>
  </testcase>
</testsuite>
