<?xml version="1.0" encoding="UTF-8"?>
<!-- Generated by org.testng.reporters.JUnitReportReporter -->
<testsuite hostname="Admin-PC" name="com.testcases.LoginMBVansTest" tests="5" failures="0" timestamp="21 Apr 2020 11:42:13 GMT" time="35.452" errors="0">
  <testcase name="Section1_Header" time="0.319" classname="com.testcases.LoginMBVansTest"/>
  <testcase name="Section3_Eligibility" time="1.074" classname="com.testcases.LoginMBVansTest"/>
  <testcase name="Section5_FindADealer" time="33.378" classname="com.testcases.LoginMBVansTest"/>
  <testcase name="Section2_Details" time="0.524" classname="com.testcases.LoginMBVansTest"/>
  <testcase name="Section4_FAQ" time="0.157" classname="com.testcases.LoginMBVansTest"/>
</testsuite>
